#
# There is insufficient memory for the Java Runtime Environment to continue.
# Native memory allocation (malloc) failed to allocate 1079056 bytes for Chunk::new
# Possible reasons:
#   The system is out of physical RAM or swap space
#   In 32 bit mode, the process size limit was hit
# Possible solutions:
#   Reduce memory load on the system
#   Increase physical memory or swap space
#   Check if swap backing store is full
#   Use 64 bit Java on a 64 bit OS
#   Decrease Java heap size (-Xmx/-Xms)
#   Decrease number of Java threads
#   Decrease Java thread stack sizes (-Xss)
#   Set larger code cache with -XX:ReservedCodeCacheSize=
# This output file may be truncated or incomplete.
#
#  Out of Memory Error (allocation.cpp:390), pid=9072, tid=0x0000000000001720
#
# JRE version: OpenJDK Runtime Environment (8.0_76-b03) (build 1.8.0_76-release-b03)
# Java VM: OpenJDK 64-Bit Server VM (25.76-b03 mixed mode windows-amd64 compressed oops)
# Failed to write core dump. Minidumps are not enabled by default on client versions of Windows
#

---------------  T H R E A D  ---------------

Current thread (0x00000000161e3000):  JavaThread "C2 CompilerThread0" daemon [_thread_in_native, id=5920, stack(0x00000000174c0000,0x00000000175c0000)]

Stack: [0x00000000174c0000,0x00000000175c0000]
[error occurred during error reporting (printing stack bounds), id 0xc0000005]

Native frames: (J=compiled Java code, j=interpreted, Vv=VM code, C=native code)


Current CompileTask:
C2:14528662 34608 % !   4       java.beans.Introspector::getTargetPropertyInfo @ 95 (582 bytes)


---------------  P R O C E S S  ---------------

Java Threads: ( => current thread )
  0x000000001f455800 JavaThread "Stdin handler" [_thread_blocked, id=1592, stack(0x0000000019e30000,0x0000000019f30000)]
  0x000000001f451800 JavaThread "Asynchronous log dispatcher for org.gradle.launcher.daemon.server.DefaultDaemonConnection@57cea05a" [_thread_blocked, id=5728, stack(0x0000000020f90000,0x0000000021090000)]
  0x000000001928e000 JavaThread "Cancel handler" [_thread_blocked, id=7956, stack(0x0000000019f50000,0x000000001a050000)]
  0x000000001928c800 JavaThread "Handler for socket connection from /127.0.0.1:59296 to /127.0.0.1:55278" [_thread_in_native, id=6796, stack(0x0000000019bc0000,0x0000000019cc0000)]
  0x000000001b214000 JavaThread "stdout" daemon [_thread_in_native, id=7516, stack(0x0000000023100000,0x0000000023200000)]
  0x000000001b215800 JavaThread "stderr" daemon [_thread_in_native, id=8924, stack(0x00000000236a0000,0x00000000237a0000)]
  0x000000001edef000 JavaThread "Daemon worker Thread 18" [_thread_in_vm, id=8520, stack(0x000000001a4a0000,0x000000001a5a0000)]
  0x0000000019289800 JavaThread "Daemon Thread 18" [_thread_blocked, id=2340, stack(0x0000000019d30000,0x0000000019e30000)]
  0x000000001f453000 JavaThread "stdout" daemon [_thread_in_native, id=10124, stack(0x0000000025d10000,0x0000000025e10000)]
  0x000000001f454800 JavaThread "stderr" daemon [_thread_in_native, id=7408, stack(0x0000000025b70000,0x0000000025c70000)]
  0x000000001eded000 JavaThread "pool-22-thread-4" [_thread_blocked, id=9940, stack(0x0000000023970000,0x0000000023a70000)]
  0x000000001eded800 JavaThread "pool-22-thread-3" [_thread_blocked, id=5448, stack(0x00000000237a0000,0x00000000238a0000)]
  0x0000000018ff7000 JavaThread "pool-22-thread-2" [_thread_blocked, id=1512, stack(0x0000000020d30000,0x0000000020e30000)]
  0x0000000018ff3000 JavaThread "pool-22-thread-1" [_thread_blocked, id=8400, stack(0x0000000023530000,0x0000000023630000)]
  0x0000000018ff1000 JavaThread "pool-4-thread-4" [_thread_blocked, id=4644, stack(0x00000000210a0000,0x00000000211a0000)]
  0x000000001b21a000 JavaThread "pool-4-thread-3" [_thread_blocked, id=7588, stack(0x0000000020e90000,0x0000000020f90000)]
  0x000000001b214800 JavaThread "pool-4-thread-2" [_thread_blocked, id=7676, stack(0x0000000020300000,0x0000000020400000)]
  0x000000001b213000 JavaThread "pool-4-thread-1" [_thread_blocked, id=7984, stack(0x0000000020110000,0x0000000020210000)]
  0x0000000019288800 JavaThread "File lock request listener" [_thread_in_native, id=1584, stack(0x000000001c420000,0x000000001c520000)]
  0x0000000017fac800 JavaThread "pool-1-thread-1" [_thread_blocked, id=8804, stack(0x0000000012330000,0x0000000012430000)]
  0x0000000018bb4800 JavaThread "Incoming local TCP Connector on port 59296" [_thread_in_native, id=8948, stack(0x00000000198a0000,0x00000000199a0000)]
  0x000000001621d800 JavaThread "Service Thread" daemon [_thread_blocked, id=2204, stack(0x0000000017770000,0x0000000017870000)]
  0x00000000161e5000 JavaThread "C1 CompilerThread1" daemon [_thread_blocked, id=8840, stack(0x0000000017640000,0x0000000017740000)]
=>0x00000000161e3000 JavaThread "C2 CompilerThread0" daemon [_thread_in_native, id=5920, stack(0x00000000174c0000,0x00000000175c0000)]
  0x00000000161d9000 JavaThread "Attach Listener" daemon [_thread_blocked, id=8960, stack(0x00000000172d0000,0x00000000173d0000)]
  0x00000000161c2800 JavaThread "Signal Dispatcher" daemon [_thread_blocked, id=9868, stack(0x0000000017160000,0x0000000017260000)]
  0x00000000161ab800 JavaThread "Finalizer" daemon [_thread_blocked, id=7236, stack(0x0000000016f30000,0x0000000017030000)]
  0x0000000016162800 JavaThread "Reference Handler" daemon [_thread_blocked, id=4824, stack(0x0000000016d50000,0x0000000016e50000)]
  0x000000000258d800 JavaThread "main" [_thread_blocked, id=9436, stack(0x0000000002730000,0x0000000002830000)]

Other Threads:
  0x000000001615a000 VMThread [stack: 0x0000000016b90000,0x0000000016c90000] [id=8204]
  0x0000000016221000 WatcherThread [stack: 0x00000000179c0000,0x0000000017ac0000] [id=4248]

VM state:not at safepoint (normal execution)

VM Mutex/Monitor currently owned by a thread: None

Heap:
 PSYoungGen      total 366080K, used 127914K [0x00000000e0000000, 0x00000000fdd00000, 0x0000000100000000)
  eden space 347136K, 36% used [0x00000000e0000000,0x00000000e7ceab40,0x00000000f5300000)
  from space 18944K, 0% used [0x00000000f5300000,0x00000000f5300000,0x00000000f6580000)
  to   space 70656K, 0% used [0x00000000f9800000,0x00000000f9800000,0x00000000fdd00000)
 ParOldGen       total 198144K, used 78866K [0x00000000a0000000, 0x00000000ac180000, 0x00000000e0000000)
  object space 198144K, 39% used [0x00000000a0000000,0x00000000a4d04958,0x00000000ac180000)
 Metaspace       used 113679K, capacity 121242K, committed 123304K, reserved 1157120K
  class space    used 13706K, capacity 14706K, committed 15280K, reserved 1048576K

Card table byte_map: [0x0000000011bf0000,0x0000000011f00000] byte_map_base: 0x00000000116f0000

Marking Bits: (ParMarkBitMap*) 0x00000000558e9d00
 Begin Bits: [0x0000000012530000, 0x0000000013d30000)
 End Bits:   [0x0000000013d30000, 0x0000000015530000)

Polling page: 0x0000000000330000

CodeCache: size=245760Kb used=90781Kb max_used=90803Kb free=154978Kb
 bounds [0x0000000002830000, 0x0000000008180000, 0x0000000011830000]
 total_blobs=25216 nmethods=24365 adapters=762
 compilation: enabled

Compilation events (10 events):
Event: 14522.463 Thread 0x00000000161e5000 34623       3       org.codehaus.groovy.runtime.callsite.CallSiteGenerator::isCompilable (55 bytes)
Event: 14522.464 Thread 0x00000000161e5000 nmethod 34623 0x0000000004791e90 code [0x0000000004792060, 0x0000000004792928]
Event: 14522.539 Thread 0x00000000161e5000 34624       1       groovyjarjarasm.asm.MethodWriter::visitCode (1 bytes)
Event: 14522.539 Thread 0x00000000161e5000 nmethod 34624 0x000000000589dc10 code [0x000000000589dd60, 0x000000000589de70]
Event: 14522.539 Thread 0x00000000161e5000 34625       1       groovyjarjarasm.asm.MethodWriter::visitEnd (1 bytes)
Event: 14522.539 Thread 0x00000000161e5000 nmethod 34625 0x000000000589d950 code [0x000000000589daa0, 0x000000000589dbb0]
Event: 14522.545 Thread 0x00000000161e5000 34626   !   3       sun.reflect.GeneratedMethodAccessor1034::invoke (63 bytes)
Event: 14522.570 Thread 0x00000000161e5000 nmethod 34626 0x00000000045af590 code [0x00000000045af760, 0x00000000045afe08]
Event: 14522.570 Thread 0x00000000161e5000 34627   !   3       sun.reflect.GeneratedMethodAccessor1035::invoke (63 bytes)
Event: 14522.571 Thread 0x00000000161e5000 nmethod 34627 0x0000000005690cd0 code [0x0000000005690ea0, 0x0000000005691548]

GC Heap History (10 events):
Event: 14362.927 GC heap before
{Heap before GC invocations=114 (full 26):
 PSYoungGen      total 366080K, used 347136K [0x00000000e0000000, 0x00000000fdd00000, 0x0000000100000000)
  eden space 347136K, 100% used [0x00000000e0000000,0x00000000f5300000,0x00000000f5300000)
  from space 18944K, 0% used [0x00000000f5300000,0x00000000f5300000,0x00000000f6580000)
  to   space 70656K, 0% used [0x00000000f9800000,0x00000000f9800000,0x00000000fdd00000)
 ParOldGen       total 198144K, used 79935K [0x00000000a0000000, 0x00000000ac180000, 0x00000000e0000000)
  object space 198144K, 40% used [0x00000000a0000000,0x00000000a4e0ff58,0x00000000ac180000)
 Metaspace       used 113695K, capacity 121240K, committed 123304K, reserved 1157120K
  class space    used 13726K, capacity 14756K, committed 15280K, reserved 1048576K
Event: 14376.884 GC heap after
Heap after GC invocations=114 (full 26):
 PSYoungGen      total 417792K, used 17598K [0x00000000e0000000, 0x00000000fdd00000, 0x0000000100000000)
  eden space 347136K, 0% used [0x00000000e0000000,0x00000000e0000000,0x00000000f5300000)
  from space 70656K, 24% used [0x00000000f9800000,0x00000000fa92f998,0x00000000fdd00000)
  to   space 18944K, 0% used [0x00000000f5300000,0x00000000f5300000,0x00000000f6580000)
 ParOldGen       total 198144K, used 79935K [0x00000000a0000000, 0x00000000ac180000, 0x00000000e0000000)
  object space 198144K, 40% used [0x00000000a0000000,0x00000000a4e0ff58,0x00000000ac180000)
 Metaspace       used 113695K, capacity 121240K, committed 123304K, reserved 1157120K
  class space    used 13726K, capacity 14756K, committed 15280K, reserved 1048576K
}
Event: 14443.643 GC heap before
{Heap before GC invocations=115 (full 26):
 PSYoungGen      total 417792K, used 364734K [0x00000000e0000000, 0x00000000fdd00000, 0x0000000100000000)
  eden space 347136K, 100% used [0x00000000e0000000,0x00000000f5300000,0x00000000f5300000)
  from space 70656K, 24% used [0x00000000f9800000,0x00000000fa92f998,0x00000000fdd00000)
  to   space 18944K, 0% used [0x00000000f5300000,0x00000000f5300000,0x00000000f6580000)
 ParOldGen       total 198144K, used 79935K [0x00000000a0000000, 0x00000000ac180000, 0x00000000e0000000)
  object space 198144K, 40% used [0x00000000a0000000,0x00000000a4e0ff58,0x00000000ac180000)
 Metaspace       used 113712K, capacity 121304K, committed 123304K, reserved 1157120K
  class space    used 13726K, capacity 14756K, committed 15280K, reserved 1048576K
Event: 14450.448 GC heap after
Heap after GC invocations=115 (full 26):
 PSYoungGen      total 366080K, used 2880K [0x00000000e0000000, 0x00000000fdd00000, 0x0000000100000000)
  eden space 347136K, 0% used [0x00000000e0000000,0x00000000e0000000,0x00000000f5300000)
  from space 18944K, 15% used [0x00000000f5300000,0x00000000f55d0000,0x00000000f6580000)
  to   space 70656K, 0% used [0x00000000f9800000,0x00000000f9800000,0x00000000fdd00000)
 ParOldGen       total 198144K, used 94607K [0x00000000a0000000, 0x00000000ac180000, 0x00000000e0000000)
  object space 198144K, 47% used [0x00000000a0000000,0x00000000a5c63e50,0x00000000ac180000)
 Metaspace       used 113712K, capacity 121304K, committed 123304K, reserved 1157120K
  class space    used 13726K, capacity 14756K, committed 15280K, reserved 1048576K
}
Event: 14485.578 GC heap before
{Heap before GC invocations=116 (full 26):
 PSYoungGen      total 366080K, used 350016K [0x00000000e0000000, 0x00000000fdd00000, 0x0000000100000000)
  eden space 347136K, 100% used [0x00000000e0000000,0x00000000f5300000,0x00000000f5300000)
  from space 18944K, 15% used [0x00000000f5300000,0x00000000f55d0000,0x00000000f6580000)
  to   space 70656K, 0% used [0x00000000f9800000,0x00000000f9800000,0x00000000fdd00000)
 ParOldGen       total 198144K, used 94607K [0x00000000a0000000, 0x00000000ac180000, 0x00000000e0000000)
  object space 198144K, 47% used [0x00000000a0000000,0x00000000a5c63e50,0x00000000ac180000)
 Metaspace       used 113716K, capacity 121304K, committed 123304K, reserved 1157120K
  class space    used 13726K, capacity 14756K, committed 15280K, reserved 1048576K
Event: 14485.904 GC heap after
Heap after GC invocations=116 (full 26):
 PSYoungGen      total 417792K, used 2432K [0x00000000e0000000, 0x00000000fdd00000, 0x0000000100000000)
  eden space 347136K, 0% used [0x00000000e0000000,0x00000000e0000000,0x00000000f5300000)
  from space 70656K, 3% used [0x00000000f9800000,0x00000000f9a60000,0x00000000fdd00000)
  to   space 18944K, 0% used [0x00000000f5300000,0x00000000f5300000,0x00000000f6580000)
 ParOldGen       total 198144K, used 95479K [0x00000000a0000000, 0x00000000ac180000, 0x00000000e0000000)
  object space 198144K, 48% used [0x00000000a0000000,0x00000000a5d3de90,0x00000000ac180000)
 Metaspace       used 113716K, capacity 121304K, committed 123304K, reserved 1157120K
  class space    used 13726K, capacity 14756K, committed 15280K, reserved 1048576K
}
Event: 14504.069 GC heap before
{Heap before GC invocations=117 (full 26):
 PSYoungGen      total 417792K, used 93281K [0x00000000e0000000, 0x00000000fdd00000, 0x0000000100000000)
  eden space 347136K, 26% used [0x00000000e0000000,0x00000000e58b8738,0x00000000f5300000)
  from space 70656K, 3% used [0x00000000f9800000,0x00000000f9a60000,0x00000000fdd00000)
  to   space 18944K, 0% used [0x00000000f5300000,0x00000000f5300000,0x00000000f6580000)
 ParOldGen       total 198144K, used 95479K [0x00000000a0000000, 0x00000000ac180000, 0x00000000e0000000)
  object space 198144K, 48% used [0x00000000a0000000,0x00000000a5d3de90,0x00000000ac180000)
 Metaspace       used 113762K, capacity 121322K, committed 123304K, reserved 1157120K
  class space    used 13727K, capacity 14759K, committed 15280K, reserved 1048576K
Event: 14504.258 GC heap after
Heap after GC invocations=117 (full 26):
 PSYoungGen      total 366080K, used 1152K [0x00000000e0000000, 0x00000000fdd00000, 0x0000000100000000)
  eden space 347136K, 0% used [0x00000000e0000000,0x00000000e0000000,0x00000000f5300000)
  from space 18944K, 6% used [0x00000000f5300000,0x00000000f5420000,0x00000000f6580000)
  to   space 70656K, 0% used [0x00000000f9800000,0x00000000f9800000,0x00000000fdd00000)
 ParOldGen       total 198144K, used 95647K [0x00000000a0000000, 0x00000000ac180000, 0x00000000e0000000)
  object space 198144K, 48% used [0x00000000a0000000,0x00000000a5d67eb0,0x00000000ac180000)
 Metaspace       used 113762K, capacity 121322K, committed 123304K, reserved 1157120K
  class space    used 13727K, capacity 14759K, committed 15280K, reserved 1048576K
}
Event: 14504.258 GC heap before
{Heap before GC invocations=118 (full 27):
 PSYoungGen      total 366080K, used 1152K [0x00000000e0000000, 0x00000000fdd00000, 0x0000000100000000)
  eden space 347136K, 0% used [0x00000000e0000000,0x00000000e0000000,0x00000000f5300000)
  from space 18944K, 6% used [0x00000000f5300000,0x00000000f5420000,0x00000000f6580000)
  to   space 70656K, 0% used [0x00000000f9800000,0x00000000f9800000,0x00000000fdd00000)
 ParOldGen       total 198144K, used 95647K [0x00000000a0000000, 0x00000000ac180000, 0x00000000e0000000)
  object space 198144K, 48% used [0x00000000a0000000,0x00000000a5d67eb0,0x00000000ac180000)
 Metaspace       used 113762K, capacity 121322K, committed 123304K, reserved 1157120K
  class space    used 13727K, capacity 14759K, committed 15280K, reserved 1048576K
Event: 14506.084 GC heap after
Heap after GC invocations=118 (full 27):
 PSYoungGen      total 366080K, used 0K [0x00000000e0000000, 0x00000000fdd00000, 0x0000000100000000)
  eden space 347136K, 0% used [0x00000000e0000000,0x00000000e0000000,0x00000000f5300000)
  from space 18944K, 0% used [0x00000000f5300000,0x00000000f5300000,0x00000000f6580000)
  to   space 70656K, 0% used [0x00000000f9800000,0x00000000f9800000,0x00000000fdd00000)
 ParOldGen       total 198144K, used 78866K [0x00000000a0000000, 0x00000000ac180000, 0x00000000e0000000)
  object space 198144K, 39% used [0x00000000a0000000,0x00000000a4d04958,0x00000000ac180000)
 Metaspace       used 112871K, capacity 120142K, committed 123304K, reserved 1157120K
  class space    used 13571K, capacity 14518K, committed 15280K, reserved 1048576K
}

Deoptimization events (10 events):
Event: 14205.203 Thread 0x000000001edef000 Uncommon trap: reason=class_check action=maybe_recompile pc=0x0000000007d8a9c0 method=sun.reflect.NativeConstructorAccessorImpl.newInstance([Ljava/lang/Object;)Ljava/lang/Object; @ 68
Event: 14273.278 Thread 0x000000001edef000 Uncommon trap: reason=unstable_if action=reinterpret pc=0x0000000002ecf4c8 method=org.codehaus.groovy.runtime.MetaClassHelper.sameClasses([Ljava/lang/Class;Ljava/lang/Object;)Z @ 15
Event: 14282.973 Thread 0x000000001edef000 Uncommon trap: reason=class_check action=maybe_recompile pc=0x0000000007d8a9c0 method=sun.reflect.NativeConstructorAccessorImpl.newInstance([Ljava/lang/Object;)Ljava/lang/Object; @ 68
Event: 14284.125 Thread 0x000000001edef000 Uncommon trap: reason=null_check action=make_not_entrant pc=0x0000000007d929f8 method=java.beans.PropertyDescriptor.findPropertyType(Ljava/lang/reflect/Method;Ljava/lang/reflect/Method;)Ljava/lang/Class; @ 157
Event: 14284.326 Thread 0x000000001edef000 Uncommon trap: reason=class_check action=maybe_recompile pc=0x0000000004917414 method=org.codehaus.groovy.runtime.callsite.AbstractCallSite.createGroovyObjectGetPropertySite(Ljava/lang/Object;)Lorg/codehaus/groovy/runtime/callsite/CallSite; @ 33
Event: 14284.785 Thread 0x000000001edef000 Uncommon trap: reason=class_check action=maybe_recompile pc=0x0000000007d8a9c0 method=sun.reflect.NativeConstructorAccessorImpl.newInstance([Ljava/lang/Object;)Ljava/lang/Object; @ 68
Event: 14318.137 Thread 0x000000001edef000 Uncommon trap: reason=null_check action=make_not_entrant pc=0x000000000797e218 method=org.apache.xerces.parsers.AbstractDOMParser.xmlDecl(Ljava/lang/String;Ljava/lang/String;Ljava/lang/String;Lorg/apache/xerces/xni/Augmentations;)V @ 77
Event: 14513.320 Thread 0x000000001edef000 Uncommon trap: reason=class_check action=maybe_recompile pc=0x0000000007d8a9c0 method=sun.reflect.NativeConstructorAccessorImpl.newInstance([Ljava/lang/Object;)Ljava/lang/Object; @ 68
Event: 14518.385 Thread 0x000000001edef000 Uncommon trap: reason=null_check action=make_not_entrant pc=0x0000000002f2925c method=org.apache.xerces.parsers.AbstractSAXParser.xmlDecl(Ljava/lang/String;Ljava/lang/String;Ljava/lang/String;Lorg/apache/xerces/xni/Augmentations;)V @ 9
Event: 14519.475 Thread 0x000000001edef000 Uncommon trap: reason=unstable_if action=reinterpret pc=0x0000000006c105a8 method=org.gradle.api.internal.artifacts.ivyservice.resolveengine.graph.DependencyGraphBuilder$ConfigurationNode.visitOutgoingDependencies(Ljava/util/Collection;)V @ 100

Internal exceptions (10 events):
Event: 14522.530 Thread 0x000000001edef000 Exception <a 'java/lang/ClassNotFoundException': com/google/common/collect/ArrayListMultimapBeanInfo> (0x00000000e743cda0) thrown at [C:\src\android\AOSP-openjdk\external\jetbrains\jdk\hotspot\src\share\vm\classfile\systemDictionary.cpp, line 210]
Event: 14522.530 Thread 0x000000001edef000 Exception <a 'java/lang/ClassNotFoundException': com/google/common/collect/AbstractListMultimapBeanInfo> (0x00000000e7447850) thrown at [C:\src\android\AOSP-openjdk\external\jetbrains\jdk\hotspot\src\share\vm\classfile\systemDictionary.cpp, line 210]
Event: 14522.531 Thread 0x000000001edef000 Exception <a 'java/lang/ClassNotFoundException': com/google/common/collect/AbstractMapBasedMultimapBeanInfo> (0x00000000e74527a0) thrown at [C:\src\android\AOSP-openjdk\external\jetbrains\jdk\hotspot\src\share\vm\classfile\systemDictionary.cpp, line 210]
Event: 14522.531 Thread 0x000000001edef000 Exception <a 'java/lang/ClassNotFoundException': com/google/common/collect/AbstractMultimapBeanInfo> (0x00000000e745ca18) thrown at [C:\src\android\AOSP-openjdk\external\jetbrains\jdk\hotspot\src\share\vm\classfile\systemDictionary.cpp, line 210]
Event: 14522.532 Thread 0x000000001edef000 Exception <a 'java/lang/ClassNotFoundException': com/google/common/collect/AbstractMultimapCustomizer> (0x00000000e74671f0) thrown at [C:\src\android\AOSP-openjdk\external\jetbrains\jdk\hotspot\src\share\vm\classfile\systemDictionary.cpp, line 210]
Event: 14522.533 Thread 0x000000001edef000 Exception <a 'java/lang/ClassNotFoundException': com/google/common/collect/AbstractMapBasedMultimapCustomizer> (0x00000000e748c888) thrown at [C:\src\android\AOSP-openjdk\external\jetbrains\jdk\hotspot\src\share\vm\classfile\systemDictionary.cpp, line 210]0ÌQHD]Ã@
Event: 14522.533 Thread 0x000000001edef000 Exception <a 'java/lang/ClassNotFoundException': com/google/common/collect/AbstractListMultimapCustomizer> (0x00000000e74b0968) thrown at [C:\src\android\AOSP-openjdk\external\jetbrains\jdk\hotspot\src\share\vm\classfile\systemDictionary.cpp, line 210]
Event: 14522.534 Thread 0x000000001edef000 Exception <a 'java/lang/ClassNotFoundException': com/google/common/collect/ArrayListMultimapCustomizer> (0x00000000e74d2c80) thrown at [C:\src\android\AOSP-openjdk\external\jetbrains\jdk\hotspot\src\share\vm\classfile\systemDictionary.cpp, line 210]
Event: 14522.572 Thread 0x000000001edef000 Exception <a 'java/lang/ClassNotFoundException': org/jetbrains/plugins/gradle/tooling/util/ModuleComponentIdentifierImplBeanInfo> (0x00000000e7559378) thrown at [C:\src\android\AOSP-openjdk\external\jetbrains\jdk\hotspot\src\share\vm\classfile\systemDictio9œfOI]Ã@
Event: 14522.573 Thread 0x000000001edef000 Exception <a 'java/lang/ClassNotFoundException': org/jetbrains/plugins/gradle/tooling/util/ModuleComponentIdentifierImplCustomizer> (0x00000000e7567690) thrown at [C:\src\android\AOSP-openjdk\external\jetbrains\jdk\hotspot\src\share\vm\classfile\systemDicth	–C]Ã@

Events (10 events):
Event: 14522.572 loading class org/jetbrains/plugins/gradle/tooling/util/ModuleComponentIdentifierImplBeanInfo
Event: 14522.572 loading class org/jetbrains/plugins/gradle/tooling/util/ModuleComponentIdentifierImplBeanInfo done
Event: 14522.573 loading class org/jetbrains/plugins/gradle/tooling/util/ModuleComponentIdentifierImplCustomizer
Event: 14522.573 loading class org/jetbrains/plugins/gradle/tooling/util/ModuleComponentIdentifierImplCustomizer done
Event: 14522.573 loading class org/jetbrains/plugins/gradle/tooling/util/ModuleComponentIdentifierImplCustomizer
Event: 14522.573 loading class org/jetbrains/plugins/gradle/tooling/util/ModuleComponentIdentifierImplCustomizer done
Event: 14522.584 loading class groovy/runtime/metaclass/org/jetbrains/plugins/gradle/tooling/util/DependencyResolverImpl$_resolveDependencies_closure3MetaClass
Event: 14522.584 loading class groovy/runtime/metaclass/org/jetbrains/plugins/gradle/tooling/util/DependencyResolverImpl$_resolveDependencies_closure3MetaClass done
Event: 14522.587 loading class groovy/runtime/metaclass/org/jetbrains/plugins/gradle/tooling/util/DependencyResolverImpl$_resolveDependencies_closure4MetaClass
Event: 14522.587 loading class groovy/runtime/metaclass/org/jetbrains/plugins/gradle/tooling/util/DependencyResolverImpl$_resolveDependencies_closure4MetaClass done


Dynamic libraries:
0x000000013f360000 - 0x000000013f391000 	D:\android-studio-2.2\android-studio\jre\bin\java.exe
0x0000000076dd0000 - 0x0000000076f79000 	C:\Windows\SYSTEM32\ntdll.dll
0x0000000076bb0000 - 0x0000000076ccf000 	C:\Windows\system32\kernel32.dll
0x000007fefcfe0000 - 0x000007fefd04c000 	C:\Windows\system32\KERNELBASE.dll
0x000007fefd590000 - 0x000007fefd66b000 	C:\Windows\system32\ADVAPI32.dll
0x000007fefd220000 - 0x000007fefd2bf000 	C:\Windows\system32\msvcrt.dll
0x000007fefd570000 - 0x000007fefd58f000 	C:\Windows\SYSTEM32\sechost.dll
0x000007fefd3f0000 - 0x000007fefd51d000 	C:\Windows\system32\RPCRT4.dll
0x0000000076cd0000 - 0x0000000076dca000 	C:\Windows\system32\USER32.dll
0x000007fefe460000 - 0x000007fefe4c7000 	C:\Windows\system32\GDI32.dll
0x000007fefe4d0000 - 0x000007fefe4de000 	C:\Windows\system32\LPK.dll
0x000007fefeb00000 - 0x000007fefebc9000 	C:\Windows\system32\USP10.dll
0x000007fefb990000 - 0x000007fefbb84000 	C:\Windows\WinSxS\amd64_microsoft.windows.common-controls_6595b64144ccf1df_6.0.7601.17514_none_fa396087175ac9ac\COMCTL32.dll
0x000007fefd120000 - 0x000007fefd191000 	C:\Windows\system32\SHLWAPI.dll
0x000007fefea30000 - 0x000007fefea5e000 	C:\Windows\system32\IMM32.DLL
0x000007fefe4e0000 - 0x000007fefe5e9000 	C:\Windows\system32\MSCTF.dll
0x0000000071550000 - 0x0000000071622000 	D:\android-studio-2.2\android-studio\jre\jre\bin\msvcr100.dll
0x0000000055130000 - 0x0000000055964000 	D:\android-studio-2.2\android-studio\jre\jre\bin\server\jvm.dll
0x000007fefa9c0000 - 0x000007fefa9c9000 	C:\Windows\system32\WSOCK32.dll
0x000007fefd520000 - 0x000007fefd56d000 	C:\Windows\system32\WS2_32.dll
0x000007fefd110000 - 0x000007fefd118000 	C:\Windows\system32\NSI.dll
0x000007fef7120000 - 0x000007fef715b000 	C:\Windows\system32\WINMM.dll
0x000007fefbe80000 - 0x000007fefbe8c000 	C:\Windows\system32\VERSION.dll
0x0000000076fa0000 - 0x0000000076fa7000 	C:\Windows\system32\PSAPI.DLL
0x000007fefa770000 - 0x000007fefa77f000 	D:\android-studio-2.2\android-studio\jre\jre\bin\verify.dll
0x000007fef4720000 - 0x000007fef4749000 	D:\android-studio-2.2\android-studio\jre\jre\bin\java.dll
0x000007fef4760000 - 0x000007fef4776000 	D:\android-studio-2.2\android-studio\jre\jre\bin\zip.dll
0x000007fefd670000 - 0x000007fefe3f8000 	C:\Windows\system32\SHELL32.dll
0x000007fefeed0000 - 0x000007feff0d3000 	C:\Windows\system32\ole32.dll
0x000007fefcd20000 - 0x000007fefcd2f000 	C:\Windows\system32\profapi.dll
0x000007fef4700000 - 0x000007fef471a000 	D:\android-studio-2.2\android-studio\jre\jre\bin\net.dll
0x000007fefc590000 - 0x000007fefc5e5000 	C:\Windows\system32\mswsock.dll
0x000007fefc580000 - 0x000007fefc587000 	C:\Windows\System32\wship6.dll
0x000007fef46e0000 - 0x000007fef46f1000 	D:\android-studio-2.2\android-studio\jre\jre\bin\nio.dll
0x000007fef3990000 - 0x000007fef39a2000 	C:\Users\Administrator\.gradle\native\19\windows-amd64\native-platform.dll
0x000007fefc5f0000 - 0x000007fefc607000 	C:\Windows\system32\CRYPTSP.dll
0x000007fefc2f0000 - 0x000007fefc337000 	C:\Windows\system32\rsaenh.dll
0x000007fefc060000 - 0x000007fefc07e000 	C:\Windows\system32\USERENV.dll
0x000007fefcc50000 - 0x000007fefcc5f000 	C:\Windows\system32\CRYPTBASE.dll
0x000007fefa510000 - 0x000007fefa537000 	C:\Windows\system32\IPHLPAPI.DLL
0x000007fefa4f0000 - 0x000007fefa4fb000 	C:\Windows\system32\WINNSI.DLL
0x000007fefa200000 - 0x000007fefa211000 	C:\Windows\system32\dhcpcsvc6.DLL
0x000007fefa1e0000 - 0x000007fefa1f8000 	C:\Windows\system32\dhcpcsvc.DLL
0x000007fefa780000 - 0x000007fefa78d000 	D:\android-studio-2.2\android-studio\jre\jre\bin\management.dll
0x000007fefcbf0000 - 0x000007fefcc47000 	C:\Windows\system32\apphelp.dll

VM Arguments:
jvm_args: -Xmx1536m -Dfile.encoding=GBK -Duser.country=CN -Duser.language=zh -Duser.variant 
java_command: org.gradle.launcher.daemon.bootstrap.GradleDaemon 2.14.1
java_class_path (initial): D:\android-studio-2.2\android-studio\gradle\gradle-2.14.1\lib\gradle-launcher-2.14.1.jar
Launcher Type: SUN_STANDARD

Environment Variables:
JAVA_HOME=C:\Program Files\Java\jdk1.8.0_92
CLASSPATH=.;C:\Program Files\Java\jdk1.8.0_92\lib\dt.jar;C:\Program Files\Java\jdk1.8.0_92\lib\tools.jar;
PATH=;C:\Program Files\Java\jdk1.8.0_92\bin;C:\ProgramData\Oracle\Java\javapath;C:\Windows\system32;C:\Windows;C:\Windows\System32\Wbem;C:\Windows\System32\WindowsPowerShell\v1.0\;D:\Program Files\Git\cmd;D:\Program Files\VisualSVN Server\bin;D:\Program Files\TortoiseSVN\bin
USERNAME=Administrator
OS=Windows_NT
PROCESSOR_IDENTIFIER=Intel64 Family 6 Model 23 Stepping 10, GenuineIntel



---------------  S Y S T E M  ---------------

OS: Windows 7 , 64 bit Build 7601 (6.1.7601.17651)

CPU:total 2 (2 cores per cpu, 1 threads per core) family 6 model 23 stepping 10, cmov, cx8, fxsr, mmx, sse, sse2, sse3, ssse3, sse4.1, tsc

Memory: 4k page, physical 4087836k(48596k free), swap 6183140k(5516k free)

vm_info: OpenJDK 64-Bit Server VM (25.76-b03) for windows-amd64 JRE (1.8.0_76-release-b03), built on Jun 29 2016 19:09:20 by "ralucas" with MS VC++ 10.0 (VS2010)

time: Wed Jan 18 23:09:26 2017
elapsed time: 14523 seconds (0d 4h 2m 3s)

